<html>
<head>
<title>TestNG:  Default test</title>
<link href="../testng.css" rel="stylesheet" type="text/css" />
<link href="../my-testng.css" rel="stylesheet" type="text/css" />

<style type="text/css">
.log { display: none;} 
.stack-trace { display: none;} 
</style>
<script type="text/javascript">
<!--
function flip(e) {
  current = e.style.display;
  if (current == 'block') {
    e.style.display = 'none';
    return 0;
  }
  else {
    e.style.display = 'block';
    return 1;
  }
}

function toggleBox(szDivId, elem, msg1, msg2)
{
  var res = -1;  if (document.getElementById) {
    res = flip(document.getElementById(szDivId));
  }
  else if (document.all) {
    // this is the way old msie versions work
    res = flip(document.all[szDivId]);
  }
  if(elem) {
    if(res == 0) elem.innerHTML = msg1; else elem.innerHTML = msg2;
  }

}

function toggleAllBoxes() {
  if (document.getElementsByTagName) {
    d = document.getElementsByTagName('div');
    for (i = 0; i < d.length; i++) {
      if (d[i].className == 'log') {
        flip(d[i]);
      }
    }
  }
}

// -->
</script>

</head>
<body>
<h2 align='center'>Default test</h2><table border='1' align="center">
<tr>
<td>Tests passed/Failed/Skipped:</td><td>0/0/6</td>
</tr><tr>
<td>Started on:</td><td>Thu Aug 23 10:18:57 PDT 2018</td>
</tr>
<tr><td>Total time:</td><td>18 seconds (18055 ms)</td>
</tr><tr>
<td>Included groups:</td><td></td>
</tr><tr>
<td>Excluded groups:</td><td></td>
</tr>
</table><p/>
<small><i>(Hover the method name to see the test class name)</i></small><p/>
<table width='100%' border='1' class='invocation-failed'>
<tr><td colspan='4' align='center'><b>FAILED CONFIGURATIONS</b></td></tr>
<tr><td><b>Test method</b></td>
<td width="30%"><b>Exception</b></td>
<td width="10%"><b>Time (seconds)</b></td>
<td><b>Instance</b></td>
</tr>
<tr>
<td title='com.yourcompany.Tests.HomePageTest.startTunnel()'><b>startTunnel</b><br>Test class: com.yourcompany.Tests.HomePageTest</td>
<td><div><pre>com.saucelabs.ci.sauceconnect.AbstractSauceTunnelManager$SauceConnectDidNotStartException: Error launching Sauce Connect
	at com.saucelabs.ci.sauceconnect.AbstractSauceTunnelManager.openConnection(AbstractSauceTunnelManager.java:335)
	at com.yourcompany.Tests.TestBase.startTunnel(TestBase.java:63)
	at sun.reflect.NativeMethodAccessorImpl.invoke0(Native Method)
	at sun.reflect.NativeMethodAccessorImpl.invoke(NativeMethodAccessorImpl.java:62)
	at sun.reflect.DelegatingMethodAccessorImpl.invoke(DelegatingMethodAccessorImpl.java:43)
	at java.lang.reflect.Method.invoke(Method.java:498)
	at org.testng.internal.MethodInvocationHelper.invokeMethod(MethodInvocationHelper.java:86)
	at org.testng.internal.Invoker.invokeConfigurationMethod(Invoker.java:514)
	at org.testng.internal.Invoker.invokeConfigurations(Invoker.java:215)
	at org.testng.internal.Invoker.invokeConfigurations(Invoker.java:142)
	at org.testng.internal.TestMethodWorker.invokeBeforeClassMethods(TestMethodWorker.java:178)
	at org.testng.internal.TestMethodWorker.run(TestMethodWorker.java:108)
	at org.testng.TestRunner.privateRun(TestRunner.java:782)
	at org.testng.TestRunner.run(TestRunner.java:632)
	at org.testng.SuiteRunner.runTest(SuiteRunner.java:366)
	at org.testng.SuiteRunner.runSequentially(SuiteRunner.java:361)
	at org.testng.SuiteRunner.privateRun(SuiteRunner.java:319)
	at org.testng.SuiteRunner.run(SuiteRunner.java:268)
	at org.testng.SuiteRunnerWorker.runSuite(SuiteRunnerWorker.java:52)
	at org.testng.SuiteRunnerWorker.run(SuiteRunnerWorker.java:86)
	at org.testng.TestNG.runSuitesSequentially(TestNG.java:1244)
	at org.testng.TestNG.runSuitesLocally(TestNG.java:1169)
	at org.testng.TestNG.run(TestNG.java:1064)
	at org.testng.remote.AbstractRemoteTestNG.run(AbstractRemoteTestNG.java:114)
	at org.testng.remote.RemoteTestNG.initAndRun(RemoteTestNG.java:251)
	at org.testng.remote.RemoteTestNG.main(RemoteTestNG.java:77)
</pre></div><a href='#' onClick='toggleBox("stack-trace2141817446", this, "Click to show all stack frames", "Click to hide stack frames")'>Click to show all stack frames</a>
<div class='stack-trace' id='stack-trace2141817446'><pre>com.saucelabs.ci.sauceconnect.AbstractSauceTunnelManager$SauceConnectDidNotStartException: Error launching Sauce Connect
	at com.saucelabs.ci.sauceconnect.AbstractSauceTunnelManager.openConnection(AbstractSauceTunnelManager.java:335)
	at com.yourcompany.Tests.TestBase.startTunnel(TestBase.java:63)
	at sun.reflect.NativeMethodAccessorImpl.invoke0(Native Method)
	at sun.reflect.NativeMethodAccessorImpl.invoke(NativeMethodAccessorImpl.java:62)
	at sun.reflect.DelegatingMethodAccessorImpl.invoke(DelegatingMethodAccessorImpl.java:43)
	at java.lang.reflect.Method.invoke(Method.java:498)
	at org.testng.internal.MethodInvocationHelper.invokeMethod(MethodInvocationHelper.java:86)
	at org.testng.internal.Invoker.invokeConfigurationMethod(Invoker.java:514)
	at org.testng.internal.Invoker.invokeConfigurations(Invoker.java:215)
	at org.testng.internal.Invoker.invokeConfigurations(Invoker.java:142)
	at org.testng.internal.TestMethodWorker.invokeBeforeClassMethods(TestMethodWorker.java:178)
	at org.testng.internal.TestMethodWorker.run(TestMethodWorker.java:108)
	at org.testng.TestRunner.privateRun(TestRunner.java:782)
	at org.testng.TestRunner.run(TestRunner.java:632)
	at org.testng.SuiteRunner.runTest(SuiteRunner.java:366)
	at org.testng.SuiteRunner.runSequentially(SuiteRunner.java:361)
	at org.testng.SuiteRunner.privateRun(SuiteRunner.java:319)
	at org.testng.SuiteRunner.run(SuiteRunner.java:268)
	at org.testng.SuiteRunnerWorker.runSuite(SuiteRunnerWorker.java:52)
	at org.testng.SuiteRunnerWorker.run(SuiteRunnerWorker.java:86)
	at org.testng.TestNG.runSuitesSequentially(TestNG.java:1244)
	at org.testng.TestNG.runSuitesLocally(TestNG.java:1169)
	at org.testng.TestNG.run(TestNG.java:1064)
	at org.testng.remote.AbstractRemoteTestNG.run(AbstractRemoteTestNG.java:114)
	at org.testng.remote.RemoteTestNG.initAndRun(RemoteTestNG.java:251)
	at org.testng.remote.RemoteTestNG.main(RemoteTestNG.java:77)
</pre></div></td>
<td>0</td>
<td>com.yourcompany.Tests.HomePageTest@70be0a2b</td></tr>
</table><p>
<table width='100%' border='1' class='invocation-skipped'>
<tr><td colspan='4' align='center'><b>SKIPPED CONFIGURATIONS</b></td></tr>
<tr><td><b>Test method</b></td>
<td width="30%"><b>Exception</b></td>
<td width="10%"><b>Time (seconds)</b></td>
<td><b>Instance</b></td>
</tr>
<tr>
<td title='com.yourcompany.Tests.HomePageTest.tearDown()'><b>tearDown</b><br>Test class: com.yourcompany.Tests.HomePageTest</td>
<td></td>
<td>0</td>
<td>com.yourcompany.Tests.HomePageTest@70be0a2b</td></tr>
<tr>
<td title='com.yourcompany.Tests.HomePageTest.tearDown()'><b>tearDown</b><br>Test class: com.yourcompany.Tests.HomePageTest</td>
<td></td>
<td>0</td>
<td>com.yourcompany.Tests.HomePageTest@70be0a2b</td></tr>
<tr>
<td title='com.yourcompany.Tests.HomePageTest.tearDown()'><b>tearDown</b><br>Test class: com.yourcompany.Tests.HomePageTest</td>
<td></td>
<td>0</td>
<td>com.yourcompany.Tests.HomePageTest@70be0a2b</td></tr>
<tr>
<td title='com.yourcompany.Tests.HomePageTest.tearDown()'><b>tearDown</b><br>Test class: com.yourcompany.Tests.HomePageTest</td>
<td></td>
<td>0</td>
<td>com.yourcompany.Tests.HomePageTest@70be0a2b</td></tr>
<tr>
<td title='com.yourcompany.Tests.HomePageTest.tearDown()'><b>tearDown</b><br>Test class: com.yourcompany.Tests.HomePageTest</td>
<td></td>
<td>0</td>
<td>com.yourcompany.Tests.HomePageTest@70be0a2b</td></tr>
<tr>
<td title='com.yourcompany.Tests.HomePageTest.tearDown()'><b>tearDown</b><br>Test class: com.yourcompany.Tests.HomePageTest</td>
<td></td>
<td>0</td>
<td>com.yourcompany.Tests.HomePageTest@70be0a2b</td></tr>
<tr>
<td title='com.yourcompany.Tests.HomePageTest.stopTunnel()'><b>stopTunnel</b><br>Test class: com.yourcompany.Tests.HomePageTest</td>
<td></td>
<td>0</td>
<td>com.yourcompany.Tests.HomePageTest@70be0a2b</td></tr>
</table><p>
<table width='100%' border='1' class='invocation-skipped'>
<tr><td colspan='4' align='center'><b>SKIPPED TESTS</b></td></tr>
<tr><td><b>Test method</b></td>
<td width="30%"><b>Exception</b></td>
<td width="10%"><b>Time (seconds)</b></td>
<td><b>Instance</b></td>
</tr>
<tr>
<td title='com.yourcompany.Tests.HomePageTest.verifyLinkTest()'><b>verifyLinkTest</b><br>Test class: com.yourcompany.Tests.HomePageTest<br>Parameters: MicrosoftEdge, 14.14393, Windows 10, public void com.yourcompany.Tests.HomePageTest.verifyLinkTest(java.lang.String,java.lang.String,java.lang.String,java.lang.reflect.Method) throws java.net.MalformedURLException,org.openqa.selenium.InvalidElementStateException,java.rmi.UnexpectedException</td>
<td></td>
<td>0</td>
<td>com.yourcompany.Tests.HomePageTest@70be0a2b</td></tr>
<tr>
<td title='com.yourcompany.Tests.HomePageTest.verifyLinkTest()'><b>verifyLinkTest</b><br>Test class: com.yourcompany.Tests.HomePageTest<br>Parameters: firefox, latest-1, Windows 7, public void com.yourcompany.Tests.HomePageTest.verifyLinkTest(java.lang.String,java.lang.String,java.lang.String,java.lang.reflect.Method) throws java.net.MalformedURLException,org.openqa.selenium.InvalidElementStateException,java.rmi.UnexpectedException</td>
<td></td>
<td>0</td>
<td>com.yourcompany.Tests.HomePageTest@70be0a2b</td></tr>
<tr>
<td title='com.yourcompany.Tests.HomePageTest.verifyLinkTest()'><b>verifyLinkTest</b><br>Test class: com.yourcompany.Tests.HomePageTest<br>Parameters: chrome, 54.0, OS X 10.10, public void com.yourcompany.Tests.HomePageTest.verifyLinkTest(java.lang.String,java.lang.String,java.lang.String,java.lang.reflect.Method) throws java.net.MalformedURLException,org.openqa.selenium.InvalidElementStateException,java.rmi.UnexpectedException</td>
<td></td>
<td>0</td>
<td>com.yourcompany.Tests.HomePageTest@70be0a2b</td></tr>
<tr>
<td title='com.yourcompany.Tests.HomePageTest.verifyLinkTest()'><b>verifyLinkTest</b><br>Test class: com.yourcompany.Tests.HomePageTest<br>Parameters: safari, 10.0, OS X 10.11, public void com.yourcompany.Tests.HomePageTest.verifyLinkTest(java.lang.String,java.lang.String,java.lang.String,java.lang.reflect.Method) throws java.net.MalformedURLException,org.openqa.selenium.InvalidElementStateException,java.rmi.UnexpectedException</td>
<td></td>
<td>0</td>
<td>com.yourcompany.Tests.HomePageTest@70be0a2b</td></tr>
<tr>
<td title='com.yourcompany.Tests.HomePageTest.verifyLinkTest()'><b>verifyLinkTest</b><br>Test class: com.yourcompany.Tests.HomePageTest<br>Parameters: firefox, 49.0, Windows 10, public void com.yourcompany.Tests.HomePageTest.verifyLinkTest(java.lang.String,java.lang.String,java.lang.String,java.lang.reflect.Method) throws java.net.MalformedURLException,org.openqa.selenium.InvalidElementStateException,java.rmi.UnexpectedException</td>
<td></td>
<td>0</td>
<td>com.yourcompany.Tests.HomePageTest@70be0a2b</td></tr>
<tr>
<td title='com.yourcompany.Tests.HomePageTest.verifyLinkTest()'><b>verifyLinkTest</b><br>Test class: com.yourcompany.Tests.HomePageTest<br>Parameters: internet explorer, 11.0, Windows 7, public void com.yourcompany.Tests.HomePageTest.verifyLinkTest(java.lang.String,java.lang.String,java.lang.String,java.lang.reflect.Method) throws java.net.MalformedURLException,org.openqa.selenium.InvalidElementStateException,java.rmi.UnexpectedException</td>
<td></td>
<td>0</td>
<td>com.yourcompany.Tests.HomePageTest@70be0a2b</td></tr>
</table><p>
</body>
</html>